生成启动时间为 2017/8/23 10:59:09。
     1>项目“D:\代码\c语言\其他人的代码测试\其他人的代码测试\其他人的代码测试.vcxproj”在节点 2 上(Build 个目标)。
     1>ClCompile:
         D:\visual\VC\bin\CL.exe /c /ZI /nologo /W3 /WX- /sdl /Od /Oy- /D _UNICODE /D UNICODE /Gm /EHsc /RTC1 /MDd /GS /fp:precise /Zc:wchar_t /Zc:forScope /Fo"Debug\\" /Fd"Debug\vc120.pdb" /Gd /TC /analyze- /errorReport:prompt "源1.c"
         源1.c
     1>d:\代码\c语言\其他人的代码测试\其他人的代码测试\源1.c(9): warning C4013: “get”未定义；假设外部返回 int
     1>d:\代码\c语言\其他人的代码测试\其他人的代码测试\源1.c(11): warning C4013: “system”未定义；假设外部返回 int
       Link:
         D:\visual\VC\bin\link.exe /ERRORREPORT:PROMPT /OUT:"D:\代码\c语言\其他人的代码测试\Debug\其他人的代码测试.exe" /INCREMENTAL /NOLOGO kernel32.lib user32.lib gdi32.lib winspool.lib comdlg32.lib advapi32.lib shell32.lib ole32.lib oleaut32.lib uuid.lib odbc32.lib odbccp32.lib /MANIFEST /MANIFESTUAC:"level='asInvoker' uiAccess='false'" /manifest:embed /DEBUG /PDB:"D:\代码\c语言\其他人的代码测试\Debug\其他人的代码测试.pdb" /TLBID:1 /DYNAMICBASE /NXCOMPAT /IMPLIB:"D:\代码\c语言\其他人的代码测试\Debug\其他人的代码测试.lib" /MACHINE:X86 "Debug\源1.obj"
     1>源1.obj : error LNK2019: 无法解析的外部符号 _get，该符号在函数 _main 中被引用
     1>D:\代码\c语言\其他人的代码测试\Debug\其他人的代码测试.exe : fatal error LNK1120: 1 个无法解析的外部命令
     1>已完成生成项目“D:\代码\c语言\其他人的代码测试\其他人的代码测试\其他人的代码测试.vcxproj”(Build 个目标)的操作 - 失败。

生成失败。

已用时间 00:00:00.46
