生成启动时间为 2017/7/2 11:00:37。
     1>项目“D:\代码\xuming\graphics.h\graphics.h\graphics.h.vcxproj”在节点 2 上(Build 个目标)。
     1>ClCompile:
         D:\visual\VC\bin\CL.exe /c /ZI /nologo /W3 /WX- /sdl /Od /Oy- /D _MBCS /Gm /EHsc /RTC1 /MDd /GS /fp:precise /Zc:wchar_t /Zc:forScope /Fo"Debug\\" /Fd"Debug\vc120.pdb" /Gd /TP /analyze- /errorReport:prompt test.cpp
         test.cpp
     1>d:\代码\xuming\graphics.h\graphics.h\test.cpp : warning C4819: 该文件包含不能在当前代码页(936)中表示的字符。请将该文件保存为 Unicode 格式以防止数据丢失
     1>d:\代码\xuming\graphics.h\graphics.h\test.cpp(58): warning C4091: “”: 没有声明变量时忽略“void”的左侧
     1>d:\代码\xuming\graphics.h\graphics.h\test.cpp(58): error C2143: 语法错误 : 缺少“;”(在“?”的前面)
     1>d:\代码\xuming\graphics.h\graphics.h\test.cpp(58): error C2059: 语法错误:“?”
     1>d:\代码\xuming\graphics.h\graphics.h\test.cpp(59): error C2143: 语法错误 : 缺少“;”(在“{”的前面)
     1>d:\代码\xuming\graphics.h\graphics.h\test.cpp(59): error C2447: “{”: 缺少函数标题(是否是老式的形式表?)
     1>d:\代码\xuming\graphics.h\graphics.h\test.cpp(84): warning C4091: “”: 没有声明变量时忽略“int”的左侧
     1>d:\代码\xuming\graphics.h\graphics.h\test.cpp(84): error C2143: 语法错误 : 缺少“;”(在“?”的前面)
     1>d:\代码\xuming\graphics.h\graphics.h\test.cpp(84): error C2059: 语法错误:“?”
     1>d:\代码\xuming\graphics.h\graphics.h\test.cpp(85): error C2143: 语法错误 : 缺少“;”(在“{”的前面)
     1>d:\代码\xuming\graphics.h\graphics.h\test.cpp(85): error C2447: “{”: 缺少函数标题(是否是老式的形式表?)
     1>已完成生成项目“D:\代码\xuming\graphics.h\graphics.h\graphics.h.vcxproj”(Build 个目标)的操作 - 失败。

生成失败。

已用时间 00:00:00.63
